<?xml version="1.0" encoding="UTF-8"?>
<!-- Generated by org.testng.reporters.JUnitReportReporter -->
<testsuite hostname="ITSEELM-NB0429" failures="0" tests="1" name="TestNG.simplewebapp" time="9.153" errors="0" timestamp="11 Apr 2019 11:35:24 GMT">
  <testcase classname="TestNG.simplewebapp" name="verifyAboutUs" time="9.153"/>
</testsuite> <!-- TestNG.simplewebapp -->
